2026-01-15 20:19:23,864 - INFO - ==================================================
2026-01-15 20:19:23,866 - INFO - 일일 VCP 스캔 시작: 2026-01-15 20:19:23
2026-01-15 20:19:23,866 - INFO - ==================================================
2026-01-15 20:19:23,866 - INFO - 전체 KRX 종목 스캔 시작...
2026-01-15 20:19:23,866 - INFO - 🚀 Starting Real-Time Scan [Mode: vcp_flow]...
2026-01-15 20:19:25,604 - ERROR - Error for 0126Z0: 404 Client Error: Not Found for url: https://query2.finance.yahoo.com/v8/finance/chart/0126Z0?period1=1760699965&period2=1768475965&interval=1d&includeAdjustedClose=true
2026-01-15 20:19:27,139 - ERROR - Error for 004170: ('Connection aborted.', ConnectionResetError(54, 'Connection reset by peer'))
2026-01-15 20:19:27,276 - ERROR - Error for 383220: ('Connection aborted.', ConnectionResetError(54, 'Connection reset by peer'))
2026-01-15 20:19:27,298 - ERROR - Error for 097230: ('Connection aborted.', ConnectionResetError(54, 'Connection reset by peer'))
2026-01-15 20:19:27,325 - ERROR - Error for 139480: ('Connection aborted.', ConnectionResetError(54, 'Connection reset by peer'))
2026-01-15 20:19:27,395 - ERROR - Error for 086520: ('Connection aborted.', ConnectionResetError(54, 'Connection reset by peer'))
2026-01-15 20:19:27,396 - ERROR - Error for 247540: ('Connection aborted.', ConnectionResetError(54, 'Connection reset by peer'))
2026-01-15 20:19:27,437 - ERROR - Error for 277810: ('Connection aborted.', ConnectionResetError(54, 'Connection reset by peer'))
2026-01-15 20:19:27,438 - ERROR - Error for 141080: ('Connection aborted.', ConnectionResetError(54, 'Connection reset by peer'))
2026-01-15 20:19:27,474 - ERROR - Error for 087010: ('Connection aborted.', ConnectionResetError(54, 'Connection reset by peer'))
2026-01-15 20:19:27,475 - ERROR - Error for 950160: ('Connection aborted.', ConnectionResetError(54, 'Connection reset by peer'))
2026-01-15 20:19:27,594 - ERROR - Error for 058470: ('Connection aborted.', ConnectionResetError(54, 'Connection reset by peer'))
2026-01-15 20:19:27,596 - ERROR - Error for 347850: ('Connection aborted.', ConnectionResetError(54, 'Connection reset by peer'))
2026-01-15 20:19:27,707 - ERROR - Error for 214370: ('Connection aborted.', ConnectionResetError(54, 'Connection reset by peer'))
2026-01-15 20:19:27,712 - ERROR - Error for 068760: ('Connection aborted.', ConnectionResetError(54, 'Connection reset by peer'))
2026-01-15 20:19:27,713 - ERROR - Error for 403870: ('Connection aborted.', ConnectionResetError(54, 'Connection reset by peer'))
2026-01-15 20:19:27,715 - ERROR - Error for 475830: ('Connection aborted.', ConnectionResetError(54, 'Connection reset by peer'))
2026-01-15 20:19:27,716 - ERROR - Error for 237690: ('Connection aborted.', ConnectionResetError(54, 'Connection reset by peer'))
2026-01-15 20:19:27,716 - ERROR - Error for 108490: ('Connection aborted.', ConnectionResetError(54, 'Connection reset by peer'))
2026-01-15 20:19:27,716 - ERROR - Error for 145020: ('Connection aborted.', ConnectionResetError(54, 'Connection reset by peer'))
2026-01-15 20:19:27,717 - ERROR - Error for 226950: ('Connection aborted.', ConnectionResetError(54, 'Connection reset by peer'))
2026-01-15 20:19:27,718 - ERROR - Error for 030530: ('Connection aborted.', ConnectionResetError(54, 'Connection reset by peer'))
2026-01-15 20:19:27,718 - ERROR - Error for 214150: ('Connection aborted.', ConnectionResetError(54, 'Connection reset by peer'))
2026-01-15 20:19:27,721 - ERROR - Error for 476830: ('Connection aborted.', ConnectionResetError(54, 'Connection reset by peer'))
2026-01-15 20:19:27,721 - ERROR - Error for 140410: ('Connection aborted.', ConnectionResetError(54, 'Connection reset by peer'))
2026-01-15 20:19:27,722 - ERROR - Error for 240810: ('Connection aborted.', ConnectionResetError(54, 'Connection reset by peer'))
2026-01-15 20:19:27,833 - ERROR - Error for 041510: ('Connection aborted.', ConnectionResetError(54, 'Connection reset by peer'))
2026-01-15 20:19:27,893 - ERROR - Error for 0009K0: 404 Client Error: Not Found for url: https://query2.finance.yahoo.com/v8/finance/chart/0009K0?period1=1760699967&period2=1768475967&interval=1d&includeAdjustedClose=true
2026-01-15 20:19:27,895 - ERROR - Error for 257720: ('Connection aborted.', ConnectionResetError(54, 'Connection reset by peer'))
2026-01-15 20:19:27,901 - ERROR - Error for 035900: ('Connection aborted.', ConnectionResetError(54, 'Connection reset by peer'))
2026-01-15 20:19:27,906 - ERROR - Error for 319400: ('Connection aborted.', ConnectionResetError(54, 'Connection reset by peer'))
2026-01-15 20:19:27,923 - ERROR - Error for 095340: ('Connection aborted.', ConnectionResetError(54, 'Connection reset by peer'))
2026-01-15 20:19:27,949 - ERROR - Error for 263750: ('Connection aborted.', ConnectionResetError(54, 'Connection reset by peer'))
2026-01-15 20:19:28,000 - ERROR - Error for 357780: ('Connection aborted.', ConnectionResetError(54, 'Connection reset by peer'))
2026-01-15 20:19:28,001 - ERROR - Error for 005290: ('Connection aborted.', ConnectionResetError(54, 'Connection reset by peer'))
2026-01-15 20:19:28,016 - ERROR - Error for 445680: ('Connection aborted.', ConnectionResetError(54, 'Connection reset by peer'))
2026-01-15 20:19:28,018 - ERROR - Error for 084370: ('Connection aborted.', ConnectionResetError(54, 'Connection reset by peer'))
2026-01-15 20:19:28,019 - ERROR - Error for 437730: ('Connection aborted.', ConnectionResetError(54, 'Connection reset by peer'))
2026-01-15 20:19:28,019 - ERROR - Error for 067310: ('Connection aborted.', ConnectionResetError(54, 'Connection reset by peer'))
2026-01-15 20:19:28,028 - ERROR - Error for 058610: ('Connection aborted.', ConnectionResetError(54, 'Connection reset by peer'))
2026-01-15 20:19:28,034 - ERROR - Error for 064760: ('Connection aborted.', ConnectionResetError(54, 'Connection reset by peer'))
2026-01-15 20:19:28,034 - ERROR - Error for 039200: ('Connection aborted.', ConnectionResetError(54, 'Connection reset by peer'))
2026-01-15 20:19:28,121 - ERROR - Error for 083650: ('Connection aborted.', ConnectionResetError(54, 'Connection reset by peer'))
2026-01-15 20:19:28,139 - ERROR - Error for 089030: ('Connection aborted.', ConnectionResetError(54, 'Connection reset by peer'))
2026-01-15 20:19:28,140 - ERROR - Error for 098460: ('Connection aborted.', ConnectionResetError(54, 'Connection reset by peer'))
2026-01-15 20:19:28,192 - ERROR - Error for 160190: ('Connection aborted.', ConnectionResetError(54, 'Connection reset by peer'))
2026-01-15 20:19:28,200 - ERROR - Error for 222800: ('Connection aborted.', ConnectionResetError(54, 'Connection reset by peer'))
2026-01-15 20:19:28,212 - ERROR - Error for 140860: ('Connection aborted.', ConnectionResetError(54, 'Connection reset by peer'))
2026-01-15 20:19:28,216 - ERROR - Error for 036930: ('Connection aborted.', ConnectionResetError(54, 'Connection reset by peer'))
2026-01-15 20:19:28,234 - ERROR - Error for 290650: ('Connection aborted.', ConnectionResetError(54, 'Connection reset by peer'))
2026-01-15 20:19:28,236 - ERROR - Error for 060370: ('Connection aborted.', ConnectionResetError(54, 'Connection reset by peer'))
2026-01-15 20:19:28,302 - ERROR - Error for 195940: ('Connection aborted.', ConnectionResetError(54, 'Connection reset by peer'))
2026-01-15 20:19:28,368 - ERROR - Error for 065350: ('Connection aborted.', ConnectionResetError(54, 'Connection reset by peer'))
2026-01-15 20:19:28,438 - ERROR - Error for 007390: ('Connection aborted.', ConnectionResetError(54, 'Connection reset by peer'))
2026-01-15 20:19:28,439 - ERROR - Error for 466100: ('Connection aborted.', ConnectionResetError(54, 'Connection reset by peer'))
2026-01-15 20:19:28,441 - ERROR - Error for 397030: ('Connection aborted.', ConnectionResetError(54, 'Connection reset by peer'))
2026-01-15 20:19:28,443 - ERROR - Error for 348370: ('Connection aborted.', ConnectionResetError(54, 'Connection reset by peer'))
2026-01-15 20:19:28,445 - ERROR - Error for 253450: ('Connection aborted.', ConnectionResetError(54, 'Connection reset by peer'))
2026-01-15 20:19:28,478 - ERROR - Error for 232140: ('Connection aborted.', ConnectionResetError(54, 'Connection reset by peer'))
2026-01-15 20:19:28,479 - ERROR - Error for 293490: ('Connection aborted.', ConnectionResetError(54, 'Connection reset by peer'))
2026-01-15 20:19:28,497 - ERROR - Error for 003380: ('Connection aborted.', ConnectionResetError(54, 'Connection reset by peer'))
2026-01-15 20:19:28,517 - ERROR - Error for 122870: ('Connection aborted.', ConnectionResetError(54, 'Connection reset by peer'))
2026-01-15 20:19:28,529 - ERROR - Error for 096530: ('Connection aborted.', ConnectionResetError(54, 'Connection reset by peer'))
2026-01-15 20:19:28,535 - ERROR - Error for 319660: ('Connection aborted.', ConnectionResetError(54, 'Connection reset by peer'))
2026-01-15 20:19:28,693 - ERROR - Error for 323280: ('Connection aborted.', ConnectionResetError(54, 'Connection reset by peer'))
2026-01-15 20:19:28,727 - ERROR - Error for 099320: ('Connection aborted.', ConnectionResetError(54, 'Connection reset by peer'))
2026-01-15 20:19:28,756 - ERROR - Error for 082270: ('Connection aborted.', ConnectionResetError(54, 'Connection reset by peer'))
2026-01-15 20:19:28,762 - ERROR - Error for 101490: ('Connection aborted.', ConnectionResetError(54, 'Connection reset by peer'))
2026-01-15 20:19:28,765 - ERROR - Error for 080220: ('Connection aborted.', ConnectionResetError(54, 'Connection reset by peer'))
2026-01-15 20:19:28,765 - ERROR - Error for 376900: ('Connection aborted.', ConnectionResetError(54, 'Connection reset by peer'))
2026-01-15 20:19:28,765 - ERROR - Error for 085660: ('Connection aborted.', ConnectionResetError(54, 'Connection reset by peer'))
2026-01-15 20:19:28,765 - ERROR - Error for 389470: ('Connection aborted.', ConnectionResetError(54, 'Connection reset by peer'))
2026-01-15 20:19:28,765 - ERROR - Error for 328130: ('Connection aborted.', ConnectionResetError(54, 'Connection reset by peer'))
2026-01-15 20:19:28,765 - ERROR - Error for 204270: ('Connection aborted.', ConnectionResetError(54, 'Connection reset by peer'))
2026-01-15 20:19:28,765 - ERROR - Error for 031980: ('Connection aborted.', ConnectionResetError(54, 'Connection reset by peer'))
2026-01-15 20:19:28,766 - ERROR - Error for 115180: ('Connection aborted.', ConnectionResetError(54, 'Connection reset by peer'))
2026-01-15 20:19:28,765 - ERROR - Error for 440110: ('Connection aborted.', ConnectionResetError(54, 'Connection reset by peer'))
2026-01-15 20:19:28,802 - ERROR - Error for 486990: ('Connection aborted.', ConnectionResetError(54, 'Connection reset by peer'))
2026-01-15 20:19:29,039 - ERROR - Error for 468530: ('Connection aborted.', ConnectionResetError(54, 'Connection reset by peer'))
2026-01-15 20:19:29,064 - ERROR - Error for 218410: ('Connection aborted.', ConnectionResetError(54, 'Connection reset by peer'))
2026-01-15 20:19:29,075 - ERROR - Error for 112040: ('Connection aborted.', ConnectionResetError(54, 'Connection reset by peer'))
2026-01-15 20:19:29,076 - ERROR - Error for 095610: ('Connection aborted.', ConnectionResetError(54, 'Connection reset by peer'))
2026-01-15 20:19:29,075 - ERROR - Error for 161580: ('Connection aborted.', ConnectionResetError(54, 'Connection reset by peer'))
2026-01-15 20:19:29,078 - ERROR - Error for 174900: ('Connection aborted.', ConnectionResetError(54, 'Connection reset by peer'))
2026-01-15 20:19:29,078 - ERROR - Error for 358570: ('Connection aborted.', ConnectionResetError(54, 'Connection reset by peer'))
2026-01-15 20:19:29,078 - ERROR - Error for 281740: ('Connection aborted.', ConnectionResetError(54, 'Connection reset by peer'))
2026-01-15 20:19:29,079 - ERROR - Error for 476060: ('Connection aborted.', ConnectionResetError(54, 'Connection reset by peer'))
2026-01-15 20:19:29,079 - ERROR - Error for 183300: ('Connection aborted.', ConnectionResetError(54, 'Connection reset by peer'))
2026-01-15 20:19:29,079 - ERROR - Error for 090710: ('Connection aborted.', ConnectionResetError(54, 'Connection reset by peer'))
2026-01-15 20:19:29,081 - ERROR - Error for 131970: ('Connection aborted.', ConnectionResetError(54, 'Connection reset by peer'))
2026-01-15 20:19:29,127 - ERROR - Error for 388720: ('Connection aborted.', ConnectionResetError(54, 'Connection reset by peer'))
2026-01-15 20:19:29,136 - ERROR - Error for 287840: ('Connection aborted.', ConnectionResetError(54, 'Connection reset by peer'))
2026-01-15 20:19:29,240 - ERROR - Error for 078600: ('Connection aborted.', ConnectionResetError(54, 'Connection reset by peer'))
2026-01-15 20:19:29,383 - ERROR - Error for 166090: ('Connection aborted.', ConnectionResetError(54, 'Connection reset by peer'))
2026-01-15 20:19:29,385 - ERROR - Error for 036540: ('Connection aborted.', ConnectionResetError(54, 'Connection reset by peer'))
2026-01-15 20:19:29,389 - ERROR - Error for 082920: ('Connection aborted.', ConnectionResetError(54, 'Connection reset by peer'))
2026-01-15 20:19:29,393 - ERROR - Error for 213420: ('Connection aborted.', ConnectionResetError(54, 'Connection reset by peer'))
2026-01-15 20:19:29,397 - ERROR - Error for 347700: ('Connection aborted.', ConnectionResetError(54, 'Connection reset by peer'))
2026-01-15 20:19:29,398 - ERROR - Error for 424870: ('Connection aborted.', ConnectionResetError(54, 'Connection reset by peer'))
2026-01-15 20:19:29,398 - ERROR - Error for 490470: ('Connection aborted.', ConnectionResetError(54, 'Connection reset by peer'))
2026-01-15 20:19:29,398 - ERROR - Error for 086900: ('Connection aborted.', ConnectionResetError(54, 'Connection reset by peer'))
2026-01-15 20:19:29,401 - ERROR - Error for 033500: ('Connection aborted.', ConnectionResetError(54, 'Connection reset by peer'))
2026-01-15 20:19:29,406 - ERROR - Error for 388210: ('Connection aborted.', ConnectionResetError(54, 'Connection reset by peer'))
2026-01-15 20:19:29,416 - ERROR - Error for 376300: ('Connection aborted.', ConnectionResetError(54, 'Connection reset by peer'))
2026-01-15 20:19:29,427 - ERROR - Error for 295310: ('Connection aborted.', ConnectionResetError(54, 'Connection reset by peer'))
2026-01-15 20:19:29,429 - ERROR - Error for 417200: ('Connection aborted.', ConnectionResetError(54, 'Connection reset by peer'))
2026-01-15 20:19:29,585 - ERROR - Error for 056190: ('Connection aborted.', ConnectionResetError(54, 'Connection reset by peer'))
2026-01-15 20:19:29,607 - ERROR - Error for 137400: ('Connection aborted.', ConnectionResetError(54, 'Connection reset by peer'))
2026-01-15 20:19:29,628 - ERROR - Error for 006730: ('Connection aborted.', ConnectionResetError(54, 'Connection reset by peer'))
2026-01-15 20:19:29,634 - ERROR - Error for 225570: ('Connection aborted.', ConnectionResetError(54, 'Connection reset by peer'))
2026-01-15 20:19:29,647 - ERROR - Error for 372320: ('Connection aborted.', ConnectionResetError(54, 'Connection reset by peer'))
2026-01-15 20:19:29,682 - ERROR - Error for 042000: ('Connection aborted.', ConnectionResetError(54, 'Connection reset by peer'))
2026-01-15 20:19:29,704 - ERROR - Error for 043260: ('Connection aborted.', ConnectionResetError(54, 'Connection reset by peer'))
2026-01-15 20:19:29,705 - ERROR - Error for 189300: ('Connection aborted.', ConnectionResetError(54, 'Connection reset by peer'))
2026-01-15 20:19:29,705 - ERROR - Error for 124500: ('Connection aborted.', ConnectionResetError(54, 'Connection reset by peer'))
2026-01-15 20:19:29,705 - ERROR - Error for 036830: ('Connection aborted.', ConnectionResetError(54, 'Connection reset by peer'))
2026-01-15 20:19:29,723 - ERROR - Error for 014620: ('Connection aborted.', ConnectionResetError(54, 'Connection reset by peer'))
2026-01-15 20:19:29,724 - ERROR - Error for 086450: ('Connection aborted.', ConnectionResetError(54, 'Connection reset by peer'))
2026-01-15 20:19:29,724 - ERROR - Error for 067160: ('Connection aborted.', ConnectionResetError(54, 'Connection reset by peer'))
2026-01-15 20:19:29,996 - ERROR - Error for 241710: ('Connection aborted.', ConnectionResetError(54, 'Connection reset by peer'))
2026-01-15 20:19:30,006 - ERROR - Error for 100790: ('Connection aborted.', ConnectionResetError(54, 'Connection reset by peer'))
2026-01-15 20:19:30,036 - ERROR - Error for 389650: ('Connection aborted.', ConnectionResetError(54, 'Connection reset by peer'))
2026-01-15 20:19:30,052 - ERROR - Error for 336570: ('Connection aborted.', ConnectionResetError(54, 'Connection reset by peer'))
2026-01-15 20:19:30,074 - ERROR - Error for 025980: ('Connection aborted.', ConnectionResetError(54, 'Connection reset by peer'))
2026-01-15 20:19:30,082 - ERROR - Error for 053800: ('Connection aborted.', ConnectionResetError(54, 'Connection reset by peer'))
2026-01-15 20:19:30,087 - ERROR - Error for 348210: ('Connection aborted.', ConnectionResetError(54, 'Connection reset by peer'))
2026-01-15 20:19:30,097 - ERROR - Error for 460930: ('Connection aborted.', ConnectionResetError(54, 'Connection reset by peer'))
2026-01-15 20:19:30,103 - ERROR - Error for 228760: ('Connection aborted.', ConnectionResetError(54, 'Connection reset by peer'))
2026-01-15 20:19:30,106 - ERROR - Error for 090360: ('Connection aborted.', ConnectionResetError(54, 'Connection reset by peer'))
2026-01-15 20:19:30,107 - ERROR - Error for 399720: ('Connection aborted.', ConnectionResetError(54, 'Connection reset by peer'))
2026-01-15 20:19:30,118 - ERROR - Error for 102710: ('Connection aborted.', ConnectionResetError(54, 'Connection reset by peer'))
2026-01-15 20:19:30,122 - ERROR - Error for 251970: ('Connection aborted.', ConnectionResetError(54, 'Connection reset by peer'))
2026-01-15 20:19:30,339 - ERROR - Error for 214430: ('Connection aborted.', ConnectionResetError(54, 'Connection reset by peer'))
2026-01-15 20:19:30,356 - ERROR - Error for 032190: ('Connection aborted.', ConnectionResetError(54, 'Connection reset by peer'))
2026-01-15 20:19:30,397 - ERROR - Error for 089970: ('Connection aborted.', ConnectionResetError(54, 'Connection reset by peer'))
2026-01-15 20:19:30,418 - ERROR - Error for 131290: ('Connection aborted.', ConnectionResetError(54, 'Connection reset by peer'))
2026-01-15 20:19:30,448 - ERROR - Error for 032820: ('Connection aborted.', ConnectionResetError(54, 'Connection reset by peer'))
2026-01-15 20:19:30,458 - ERROR - Error for 475960: ('Connection aborted.', ConnectionResetError(54, 'Connection reset by peer'))
2026-01-15 20:19:30,464 - ERROR - Error for 084110: ('Connection aborted.', ConnectionResetError(54, 'Connection reset by peer'))
2026-01-15 20:19:30,468 - ERROR - Error for 220100: ('Connection aborted.', ConnectionResetError(54, 'Connection reset by peer'))
2026-01-15 20:19:30,473 - ERROR - Error for 125490: ('Connection aborted.', ConnectionResetError(54, 'Connection reset by peer'))
2026-01-15 20:19:30,479 - ERROR - Error for 052400: ('Connection aborted.', ConnectionResetError(54, 'Connection reset by peer'))
2026-01-15 20:19:30,479 - ERROR - Error for 036810: ('Connection aborted.', ConnectionResetError(54, 'Connection reset by peer'))
2026-01-16 16:00:03,450 - INFO - ==================================================
2026-01-16 16:00:03,453 - INFO - 일일 VCP 스캔 시작: 2026-01-16 16:00:03
2026-01-16 16:00:03,453 - INFO - ==================================================
2026-01-16 16:00:03,453 - INFO - 전체 KRX 종목 스캔 시작...
2026-01-16 16:00:03,453 - INFO - 🚀 Starting Real-Time Scan [Mode: vcp_flow]...
2026-01-16 16:00:05,287 - ERROR - Error for 0126Z0: 404 Client Error: Not Found for url: https://query2.finance.yahoo.com/v8/finance/chart/0126Z0?period1=1760770804&period2=1768546804&interval=1d&includeAdjustedClose=true
2026-01-16 16:00:06,714 - ERROR - Error for 030000: ('Connection aborted.', ConnectionResetError(54, 'Connection reset by peer'))
2026-01-16 16:00:06,775 - ERROR - Error for 139480: ('Connection aborted.', ConnectionResetError(54, 'Connection reset by peer'))
2026-01-16 16:00:06,933 - ERROR - Error for 087010: ('Connection aborted.', ConnectionResetError(54, 'Connection reset by peer'))
2026-01-16 16:00:06,944 - ERROR - Error for 298380: ('Connection aborted.', ConnectionResetError(54, 'Connection reset by peer'))
2026-01-16 16:00:06,975 - ERROR - Error for 000250: ('Connection aborted.', ConnectionResetError(54, 'Connection reset by peer'))
2026-01-16 16:00:06,987 - ERROR - Error for 214450: ('Connection aborted.', ConnectionResetError(54, 'Connection reset by peer'))
2026-01-16 16:00:06,999 - ERROR - Error for 058470: ('Connection aborted.', ConnectionResetError(54, 'Connection reset by peer'))
2026-01-16 16:00:07,071 - ERROR - Error for 310210: ('Connection aborted.', ConnectionResetError(54, 'Connection reset by peer'))
2026-01-16 16:00:07,137 - ERROR - Error for 347850: ('Connection aborted.', ConnectionResetError(54, 'Connection reset by peer'))
2026-01-16 16:00:07,194 - ERROR - Error for 039030: ('Connection aborted.', ConnectionResetError(54, 'Connection reset by peer'))
2026-01-16 16:00:07,202 - ERROR - Error for 214370: ('Connection aborted.', ConnectionResetError(54, 'Connection reset by peer'))
2026-01-16 16:00:07,221 - ERROR - Error for 214150: ('Connection aborted.', ConnectionResetError(54, 'Connection reset by peer'))
2026-01-16 16:00:07,233 - ERROR - Error for 108490: ('Connection aborted.', ConnectionResetError(54, 'Connection reset by peer'))
2026-01-16 16:00:07,233 - ERROR - Error for 240810: ('Connection aborted.', ConnectionResetError(54, 'Connection reset by peer'))
2026-01-16 16:00:07,233 - ERROR - Error for 030530: ('Connection aborted.', ConnectionResetError(54, 'Connection reset by peer'))
2026-01-16 16:00:07,237 - ERROR - Error for 226950: ('Connection aborted.', ConnectionResetError(54, 'Connection reset by peer'))
2026-01-16 16:00:07,237 - ERROR - Error for 145020: ('Connection aborted.', ConnectionResetError(54, 'Connection reset by peer'))
2026-01-16 16:00:07,239 - ERROR - Error for 475830: ('Connection aborted.', ConnectionResetError(54, 'Connection reset by peer'))
2026-01-16 16:00:07,260 - ERROR - Error for 140410: ('Connection aborted.', ConnectionResetError(54, 'Connection reset by peer'))
2026-01-16 16:00:07,268 - ERROR - Error for 068760: ('Connection aborted.', ConnectionResetError(54, 'Connection reset by peer'))
2026-01-16 16:00:07,273 - ERROR - Error for 403870: ('Connection aborted.', ConnectionResetError(54, 'Connection reset by peer'))
2026-01-16 16:00:07,279 - ERROR - Error for 237690: ('Connection aborted.', ConnectionResetError(54, 'Connection reset by peer'))
2026-01-16 16:00:07,351 - ERROR - Error for 476830: ('Connection aborted.', ConnectionResetError(54, 'Connection reset by peer'))
2026-01-16 16:00:07,435 - ERROR - Error for 257720: ('Connection aborted.', ConnectionResetError(54, 'Connection reset by peer'))
2026-01-16 16:00:07,442 - ERROR - Error for 0009K0: 404 Client Error: Not Found for url: https://query2.finance.yahoo.com/v8/finance/chart/0009K0?period1=1760770806&period2=1768546806&interval=1d&includeAdjustedClose=true
2026-01-16 16:00:07,501 - ERROR - Error for 319400: ('Connection aborted.', ConnectionResetError(54, 'Connection reset by peer'))
2026-01-16 16:00:07,502 - ERROR - Error for 041510: ('Connection aborted.', ConnectionResetError(54, 'Connection reset by peer'))
2026-01-16 16:00:07,566 - ERROR - Error for 005290: ('Connection aborted.', ConnectionResetError(54, 'Connection reset by peer'))
2026-01-16 16:00:07,568 - ERROR - Error for 263750: ('Connection aborted.', ConnectionResetError(54, 'Connection reset by peer'))
2026-01-16 16:00:07,572 - ERROR - Error for 357780: ('Connection aborted.', ConnectionResetError(54, 'Connection reset by peer'))
2026-01-16 16:00:07,572 - ERROR - Error for 084370: ('Connection aborted.', ConnectionResetError(54, 'Connection reset by peer'))
2026-01-16 16:00:07,572 - ERROR - Error for 095340: ('Connection aborted.', ConnectionResetError(54, 'Connection reset by peer'))
2026-01-16 16:00:07,584 - ERROR - Error for 098460: ('Connection aborted.', ConnectionResetError(54, 'Connection reset by peer'))
2026-01-16 16:00:07,585 - ERROR - Error for 437730: ('Connection aborted.', ConnectionResetError(54, 'Connection reset by peer'))
2026-01-16 16:00:07,592 - ERROR - Error for 445680: ('Connection aborted.', ConnectionResetError(54, 'Connection reset by peer'))
2026-01-16 16:00:07,594 - ERROR - Error for 039200: ('Connection aborted.', ConnectionResetError(54, 'Connection reset by peer'))
2026-01-16 16:00:07,598 - ERROR - Error for 089030: ('Connection aborted.', ConnectionResetError(54, 'Connection reset by peer'))
2026-01-16 16:00:07,594 - ERROR - Error for 058610: ('Connection aborted.', ConnectionResetError(54, 'Connection reset by peer'))
2026-01-16 16:00:07,595 - ERROR - Error for 067310: ('Connection aborted.', ConnectionResetError(54, 'Connection reset by peer'))
2026-01-16 16:00:07,594 - ERROR - Error for 035900: ('Connection aborted.', ConnectionResetError(54, 'Connection reset by peer'))
2026-01-16 16:00:07,616 - ERROR - Error for 064760: ('Connection aborted.', ConnectionResetError(54, 'Connection reset by peer'))
2026-01-16 16:00:07,692 - ERROR - Error for 083650: ('Connection aborted.', ConnectionResetError(54, 'Connection reset by peer'))
2026-01-16 16:00:07,703 - ERROR - Error for 160190: ('Connection aborted.', ConnectionResetError(54, 'Connection reset by peer'))
2026-01-16 16:00:07,828 - ERROR - Error for 036930: ('Connection aborted.', ConnectionResetError(54, 'Connection reset by peer'))
2026-01-16 16:00:07,844 - ERROR - Error for 290650: ('Connection aborted.', ConnectionResetError(54, 'Connection reset by peer'))
2026-01-16 16:00:07,877 - ERROR - Error for 222800: ('Connection aborted.', ConnectionResetError(54, 'Connection reset by peer'))
2026-01-16 16:00:07,979 - ERROR - Error for 060370: ('Connection aborted.', ConnectionResetError(54, 'Connection reset by peer'))
2026-01-16 16:00:08,033 - ERROR - Error for 195940: ('Connection aborted.', ConnectionResetError(54, 'Connection reset by peer'))
2026-01-16 16:00:08,037 - ERROR - Error for 140860: ('Connection aborted.', ConnectionResetError(54, 'Connection reset by peer'))
2026-01-16 16:00:08,037 - ERROR - Error for 065350: ('Connection aborted.', ConnectionResetError(54, 'Connection reset by peer'))
2026-01-16 16:00:08,045 - ERROR - Error for 458870: ('Connection aborted.', ConnectionResetError(54, 'Connection reset by peer'))
2026-01-16 16:00:08,051 - ERROR - Error for 466100: ('Connection aborted.', ConnectionResetError(54, 'Connection reset by peer'))
2026-01-16 16:00:08,053 - ERROR - Error for 035760: ('Connection aborted.', ConnectionResetError(54, 'Connection reset by peer'))
2026-01-16 16:00:08,065 - ERROR - Error for 348370: ('Connection aborted.', ConnectionResetError(54, 'Connection reset by peer'))
2026-01-16 16:00:08,066 - ERROR - Error for 491000: ('Connection aborted.', ConnectionResetError(54, 'Connection reset by peer'))
2026-01-16 16:00:08,069 - ERROR - Error for 178320: ('Connection aborted.', ConnectionResetError(54, 'Connection reset by peer'))
2026-01-16 16:00:08,069 - ERROR - Error for 456160: ('Connection aborted.', ConnectionResetError(54, 'Connection reset by peer'))
2026-01-16 16:00:08,133 - ERROR - Error for 397030: ('Connection aborted.', ConnectionResetError(54, 'Connection reset by peer'))
2026-01-16 16:00:08,145 - ERROR - Error for 007390: ('Connection aborted.', ConnectionResetError(54, 'Connection reset by peer'))
2026-01-16 16:00:08,284 - ERROR - Error for 293490: ('Connection aborted.', ConnectionResetError(54, 'Connection reset by peer'))
2026-01-16 16:00:08,299 - ERROR - Error for 253450: ('Connection aborted.', ConnectionResetError(54, 'Connection reset by peer'))
2026-01-16 16:00:08,333 - ERROR - Error for 232140: ('Connection aborted.', ConnectionResetError(54, 'Connection reset by peer'))
2026-01-16 16:00:08,369 - ERROR - Error for 003380: ('Connection aborted.', ConnectionResetError(54, 'Connection reset by peer'))
2026-01-16 16:00:08,435 - ERROR - Error for 096530: ('Connection aborted.', ConnectionResetError(54, 'Connection reset by peer'))
2026-01-16 16:00:08,436 - ERROR - Error for 122870: ('Connection aborted.', ConnectionResetError(54, 'Connection reset by peer'))
2026-01-16 16:00:08,485 - ERROR - Error for 323280: ('Connection aborted.', ConnectionResetError(54, 'Connection reset by peer'))
2026-01-16 16:00:08,519 - ERROR - Error for 099320: ('Connection aborted.', ConnectionResetError(54, 'Connection reset by peer'))
2026-01-16 16:00:08,520 - ERROR - Error for 319660: ('Connection aborted.', ConnectionResetError(54, 'Connection reset by peer'))
2026-01-16 16:00:08,541 - ERROR - Error for 389470: ('Connection aborted.', ConnectionResetError(54, 'Connection reset by peer'))
2026-01-16 16:00:08,542 - ERROR - Error for 082270: ('Connection aborted.', ConnectionResetError(54, 'Connection reset by peer'))
2026-01-16 16:00:08,545 - ERROR - Error for 328130: ('Connection aborted.', ConnectionResetError(54, 'Connection reset by peer'))
2026-01-16 16:00:08,546 - ERROR - Error for 101490: ('Connection aborted.', ConnectionResetError(54, 'Connection reset by peer'))
2026-01-16 16:00:08,547 - ERROR - Error for 115180: ('Connection aborted.', ConnectionResetError(54, 'Connection reset by peer'))
2026-01-16 16:00:08,561 - ERROR - Error for 376900: ('Connection aborted.', ConnectionResetError(54, 'Connection reset by peer'))
2026-01-16 16:00:08,573 - ERROR - Error for 080220: ('Connection aborted.', ConnectionResetError(54, 'Connection reset by peer'))
2026-01-16 16:00:08,590 - ERROR - Error for 031980: ('Connection aborted.', ConnectionResetError(54, 'Connection reset by peer'))
2026-01-16 16:00:08,623 - ERROR - Error for 440110: ('Connection aborted.', ConnectionResetError(54, 'Connection reset by peer'))
2026-01-16 16:00:08,634 - ERROR - Error for 468530: ('Connection aborted.', ConnectionResetError(54, 'Connection reset by peer'))
2026-01-16 16:00:08,743 - ERROR - Error for 486990: ('Connection aborted.', ConnectionResetError(54, 'Connection reset by peer'))
2026-01-16 16:00:08,764 - ERROR - Error for 090710: ('Connection aborted.', ConnectionResetError(54, 'Connection reset by peer'))
2026-01-16 16:00:08,767 - ERROR - Error for 095610: ('Connection aborted.', ConnectionResetError(54, 'Connection reset by peer'))
2026-01-16 16:00:08,772 - ERROR - Error for 281740: ('Connection aborted.', ConnectionResetError(54, 'Connection reset by peer'))
2026-01-16 16:00:08,773 - ERROR - Error for 476060: ('Connection aborted.', ConnectionResetError(54, 'Connection reset by peer'))
2026-01-16 16:00:08,772 - ERROR - Error for 112040: ('Connection aborted.', ConnectionResetError(54, 'Connection reset by peer'))
2026-01-16 16:00:08,772 - ERROR - Error for 174900: ('Connection aborted.', ConnectionResetError(54, 'Connection reset by peer'))
2026-01-16 16:00:08,772 - ERROR - Error for 131970: ('Connection aborted.', ConnectionResetError(54, 'Connection reset by peer'))
2026-01-16 16:00:08,772 - ERROR - Error for 183300: ('Connection aborted.', ConnectionResetError(54, 'Connection reset by peer'))
2026-01-16 16:00:08,772 - ERROR - Error for 358570: ('Connection aborted.', ConnectionResetError(54, 'Connection reset by peer'))
2026-01-16 16:00:08,772 - ERROR - Error for 287840: ('Connection aborted.', ConnectionResetError(54, 'Connection reset by peer'))
2026-01-16 16:00:08,776 - ERROR - Error for 218410: ('Connection aborted.', ConnectionResetError(54, 'Connection reset by peer'))
2026-01-16 16:00:08,776 - ERROR - Error for 161580: ('Connection aborted.', ConnectionResetError(54, 'Connection reset by peer'))
2026-01-16 16:00:08,791 - ERROR - Error for 388720: ('Connection aborted.', ConnectionResetError(54, 'Connection reset by peer'))
2026-01-16 16:00:08,805 - ERROR - Error for 078600: ('Connection aborted.', ConnectionResetError(54, 'Connection reset by peer'))
2026-01-16 16:00:08,922 - ERROR - Error for 082920: ('Connection aborted.', ConnectionResetError(54, 'Connection reset by peer'))
2026-01-16 16:00:08,984 - ERROR - Error for 036540: ('Connection aborted.', ConnectionResetError(54, 'Connection reset by peer'))
2026-01-16 16:00:09,063 - ERROR - Error for 424870: ('Connection aborted.', ConnectionResetError(54, 'Connection reset by peer'))
2026-01-16 16:00:09,069 - ERROR - Error for 213420: ('Connection aborted.', ConnectionResetError(54, 'Connection reset by peer'))
2026-01-16 16:00:09,069 - ERROR - Error for 388210: ('Connection aborted.', ConnectionResetError(54, 'Connection reset by peer'))
2026-01-16 16:00:09,069 - ERROR - Error for 166090: ('Connection aborted.', ConnectionResetError(54, 'Connection reset by peer'))
2026-01-16 16:00:09,078 - ERROR - Error for 033500: ('Connection aborted.', ConnectionResetError(54, 'Connection reset by peer'))
2026-01-16 16:00:09,078 - ERROR - Error for 347700: ('Connection aborted.', ConnectionResetError(54, 'Connection reset by peer'))
2026-01-16 16:00:09,078 - ERROR - Error for 490470: ('Connection aborted.', ConnectionResetError(54, 'Connection reset by peer'))
2026-01-16 16:00:09,078 - ERROR - Error for 376300: ('Connection aborted.', ConnectionResetError(54, 'Connection reset by peer'))
2026-01-16 16:00:09,081 - ERROR - Error for 086900: ('Connection aborted.', ConnectionResetError(54, 'Connection reset by peer'))
2026-01-16 16:00:09,088 - ERROR - Error for 295310: ('Connection aborted.', ConnectionResetError(54, 'Connection reset by peer'))
2026-01-16 16:00:09,089 - ERROR - Error for 137400: ('Connection aborted.', ConnectionResetError(54, 'Connection reset by peer'))
2026-01-16 16:00:09,092 - ERROR - Error for 417200: ('Connection aborted.', ConnectionResetError(54, 'Connection reset by peer'))
2026-01-16 16:00:09,097 - ERROR - Error for 056190: ('Connection aborted.', ConnectionResetError(54, 'Connection reset by peer'))
2026-01-16 16:00:09,108 - ERROR - Error for 006730: ('Connection aborted.', ConnectionResetError(54, 'Connection reset by peer'))
2026-01-16 16:00:09,121 - ERROR - Error for 225570: ('Connection aborted.', ConnectionResetError(54, 'Connection reset by peer'))
2026-01-16 16:00:09,336 - ERROR - Error for 372320: ('Connection aborted.', ConnectionResetError(54, 'Connection reset by peer'))
2026-01-16 16:00:09,352 - ERROR - Error for 189300: ('Connection aborted.', ConnectionResetError(54, 'Connection reset by peer'))
2026-01-16 16:00:09,353 - ERROR - Error for 043260: ('Connection aborted.', ConnectionResetError(54, 'Connection reset by peer'))
2026-01-16 16:00:09,385 - ERROR - Error for 124500: ('Connection aborted.', ConnectionResetError(54, 'Connection reset by peer'))
2026-01-16 16:00:09,386 - ERROR - Error for 036830: ('Connection aborted.', ConnectionResetError(54, 'Connection reset by peer'))
2026-01-16 16:00:09,386 - ERROR - Error for 042000: ('Connection aborted.', ConnectionResetError(54, 'Connection reset by peer'))
2026-01-16 16:00:09,413 - ERROR - Error for 241710: ('Connection aborted.', ConnectionResetError(54, 'Connection reset by peer'))
2026-01-16 16:00:09,415 - ERROR - Error for 100790: ('Connection aborted.', ConnectionResetError(54, 'Connection reset by peer'))
2026-01-16 16:00:09,417 - ERROR - Error for 086450: ('Connection aborted.', ConnectionResetError(54, 'Connection reset by peer'))
2026-01-16 16:00:09,417 - ERROR - Error for 014620: ('Connection aborted.', ConnectionResetError(54, 'Connection reset by peer'))
2026-01-16 16:00:09,418 - ERROR - Error for 067160: ('Connection aborted.', ConnectionResetError(54, 'Connection reset by peer'))
2026-01-16 16:00:09,420 - ERROR - Error for 025980: ('Connection aborted.', ConnectionResetError(54, 'Connection reset by peer'))
2026-01-16 16:00:09,421 - ERROR - Error for 389650: ('Connection aborted.', ConnectionResetError(54, 'Connection reset by peer'))
2026-01-16 16:00:09,520 - ERROR - Error for 460930: ('Connection aborted.', ConnectionResetError(54, 'Connection reset by peer'))
2026-01-16 16:00:09,533 - ERROR - Error for 348210: ('Connection aborted.', ConnectionResetError(54, 'Connection reset by peer'))
2026-01-16 16:00:09,534 - ERROR - Error for 399720: ('Connection aborted.', ConnectionResetError(54, 'Connection reset by peer'))
2026-01-16 16:00:09,780 - ERROR - Error for 251970: ('Connection aborted.', ConnectionResetError(54, 'Connection reset by peer'))
2026-01-16 16:00:09,784 - ERROR - Error for 090360: ('Connection aborted.', ConnectionResetError(54, 'Connection reset by peer'))
2026-01-16 16:00:09,785 - ERROR - Error for 228760: ('Connection aborted.', ConnectionResetError(54, 'Connection reset by peer'))
2026-01-16 16:00:09,818 - ERROR - Error for 032820: ('Connection aborted.', ConnectionResetError(54, 'Connection reset by peer'))
2026-01-16 16:00:09,819 - ERROR - Error for 089970: ('Connection aborted.', ConnectionResetError(54, 'Connection reset by peer'))
2026-01-16 16:00:09,820 - ERROR - Error for 102710: ('Connection aborted.', ConnectionResetError(54, 'Connection reset by peer'))
2026-01-16 16:00:09,844 - ERROR - Error for 475960: ('Connection aborted.', ConnectionResetError(54, 'Connection reset by peer'))
2026-01-16 16:00:09,847 - ERROR - Error for 220100: ('Connection aborted.', ConnectionResetError(54, 'Connection reset by peer'))
2026-01-16 16:00:09,847 - ERROR - Error for 084110: ('Connection aborted.', ConnectionResetError(54, 'Connection reset by peer'))
2026-01-16 16:00:09,869 - ERROR - Error for 052400: ('Connection aborted.', ConnectionResetError(54, 'Connection reset by peer'))
2026-01-16 16:00:09,871 - ERROR - Error for 036810: ('Connection aborted.', ConnectionResetError(54, 'Connection reset by peer'))
2026-01-16 16:00:09,871 - ERROR - Error for 125490: ('Connection aborted.', ConnectionResetError(54, 'Connection reset by peer'))
